"Start of log file."
"C:/Project/GitHub/CG_Term/Source/Unity/CG_TER~1/Assets/RESOUR~1/IMPOSS~1.MAX"
"Starting max loading and fbx conversion"
window = undefined
"Settings units"
"Before fbx export"
"After fbx export"
"Finished max loading and fbx conversion"
"C:/Project/GitHub/CG_Term/Source/Unity/CG_TER~1/Assets/RESOUR~1/avatar.max"
"Starting max loading and fbx conversion"
window = undefined
"Settings units"
"Before fbx export"
"After fbx export"
"Finished max loading and fbx conversion"
"C:/Project/GitHub/CG_Term/Source/Unity/CG_TER~1/Assets/IMPOSS~1.MAX"
"Starting max loading and fbx conversion"
window = undefined
"Settings units"
"Before fbx export"
"After fbx export"
"Finished max loading and fbx conversion"
